Der Buildvorgang wurde am 30.03.2016 09:32:36 gestartet.
     1>Projekt "C:\Users\Julia\documents\visual studio 2010\Projects\Tetris\Tetris\Tetris.vcxproj" auf Knoten "2", build Ziel(e).
     1>InitializeBuildStatus:
         "Release\Tetris.unsuccessfulbuild" wird erstellt, da "AlwaysCreate" angegeben wurde.
       ClCompile:
         c:\Program Files (x86)\Microsoft Visual Studio 10.0\VC\bin\CL.exe /c /I"C:\Users\Julia\Documents\Visual Studio 2010\SDL_ttf-2.0.11\include" /I"C:\Users\Julia\Documents\Visual Studio 2010\SDL-1.2.15\include" /Zi /nologo /W3 /WX- /O2 /Oi /Oy- /GL /D WIN32 /D NDEBUG /D _CONSOLE /D _UNICODE /D UNICODE /Gm- /EHsc /MD /GS /Gy /fp:precise /Zc:wchar_t /Zc:forScope /Fo"Release\\" /Fd"Release\vc100.pdb" /Gd /TP /analyze- /errorReport:prompt Sprite.cpp
         Sprite.cpp
       Link:
         c:\Program Files (x86)\Microsoft Visual Studio 10.0\VC\bin\link.exe /ERRORREPORT:PROMPT /OUT:"C:\Users\Julia\documents\visual studio 2010\Projects\Tetris\Release\Tetris.exe" /INCREMENTAL:NO /NOLOGO /LIBPATH:"C:\Users\Julia\Documents\Visual Studio 2010\SDL_ttf-2.0.11\lib\x86" /LIBPATH:"C:\Users\Julia\Documents\Visual Studio 2010\SDL-1.2.15\lib\x86" SDL.lib SDLmain.lib SDL_ttf.lib kernel32.lib user32.lib gdi32.lib winspool.lib comdlg32.lib advapi32.lib shell32.lib ole32.lib oleaut32.lib uuid.lib odbc32.lib odbccp32.lib /MANIFEST /ManifestFile:"Release\Tetris.exe.intermediate.manifest" /MANIFESTUAC:"level='asInvoker' uiAccess='false'" /DEBUG /PDB:"C:\Users\Julia\documents\visual studio 2010\Projects\Tetris\Release\Tetris.pdb" /SUBSYSTEM:CONSOLE /OPT:REF /OPT:ICF /LTCG /TLBID:1 /DYNAMICBASE /NXCOMPAT /IMPLIB:"C:\Users\Julia\documents\visual studio 2010\Projects\Tetris\Release\Tetris.lib" /MACHINE:X86 Release\Bar.obj
         Release\Field.obj
         Release\Form.obj
         Release\Framework.obj
         Release\Game.obj
         Release\J.obj
         Release\L.obj
         Release\main.obj
         Release\S.obj
         Release\Sprite.obj
         Release\Sqaure.obj
         Release\T.obj
         Release\Timer.obj
         Release\Z.obj
         Code wird generiert.
         Codegenerierung ist abgeschlossen.
         Tetris.vcxproj -> C:\Users\Julia\documents\visual studio 2010\Projects\Tetris\Release\Tetris.exe
       Manifest:
         C:\Program Files (x86)\Microsoft SDKs\Windows\v7.0A\bin\mt.exe /nologo /verbose /outputresource:"C:\Users\Julia\documents\visual studio 2010\Projects\Tetris\Release\Tetris.exe;#1" /manifest Release\Tetris.exe.intermediate.manifest
       FinalizeBuildStatus:
         Die Datei "Release\Tetris.unsuccessfulbuild" wird gelöscht.
         Aktualisieren des Timestamps von "Release\Tetris.lastbuildstate".
     1>Die Erstellung des Projekts "C:\Users\Julia\documents\visual studio 2010\Projects\Tetris\Tetris\Tetris.vcxproj" ist abgeschlossen, build Ziel(e).

Das Erstellen war erfolgreich.

Verstrichene Zeit 00:00:21.90
